<?xml version="1.0" encoding="UTF-8"?>
<!-- Generated by org.testng.reporters.JUnitXMLReporter -->
<testsuite ignored="0" hostname="DESKTOP-N8EU9QS" failures="1" tests="24" name="Pay Service Tests" time="61.415" errors="0" timestamp="2024-10-17T18:10:43 EEST">
  <testcase classname="Register_User" name="Valid_register" time="22.696">
    <failure type="org.openqa.selenium.TimeoutException" message="Expected condition failed: waiting for element to be clickable: By.xpath: //p[text()=&amp;apos;User created successfully&amp;apos;]
 (tried for 20 second(s) with 500 milliseconds interval)
Build info: version: &amp;apos;4.8.0&amp;apos;, revision: &amp;apos;267030adea&amp;apos;
System info: os.name: &amp;apos;Windows 11&amp;apos;, os.arch: &amp;apos;amd64&amp;apos;, os.version: &amp;apos;10.0&amp;apos;, java.version: &amp;apos;22.0.1&amp;apos;
Driver info: org.openqa.selenium.firefox.FirefoxDriver
Capabilities {acceptInsecureCerts: true, browserName: firefox, browserVersion: 131.0.3, moz:accessibilityChecks: false, moz:buildID: 20241011205646, moz:geckodriverVersion: 0.35.0, moz:headless: false, moz:platformVersion: 10.0, moz:processID: 19032, moz:profile: C:\Users\ADMIN\AppData\Loca..., moz:shutdownTimeout: 60000, moz:webdriverClick: true, moz:windowless: false, pageLoadStrategy: normal, platformName: WINDOWS, proxy: Proxy(), setWindowRect: true, strictFileInteractability: false, timeouts: {implicit: 0, pageLoad: 300000, script: 30000}, unhandledPromptBehavior: dismiss and notify, userAgent: Mozilla/5.0 (Windows NT 10....}
Session ID: bd74dec0-9ed7-43a4-afc6-d9b9b357f9a5">
      <![CDATA[org.openqa.selenium.TimeoutException: Expected condition failed: waiting for element to be clickable: By.xpath: //p[text()='User created successfully']
 (tried for 20 second(s) with 500 milliseconds interval)
Build info: version: '4.8.0', revision: '267030adea'
System info: os.name: 'Windows 11', os.arch: 'amd64', os.version: '10.0', java.version: '22.0.1'
Driver info: org.openqa.selenium.firefox.FirefoxDriver
Capabilities {acceptInsecureCerts: true, browserName: firefox, browserVersion: 131.0.3, moz:accessibilityChecks: false, moz:buildID: 20241011205646, moz:geckodriverVersion: 0.35.0, moz:headless: false, moz:platformVersion: 10.0, moz:processID: 19032, moz:profile: C:\Users\ADMIN\AppData\Loca..., moz:shutdownTimeout: 60000, moz:webdriverClick: true, moz:windowless: false, pageLoadStrategy: normal, platformName: WINDOWS, proxy: Proxy(), setWindowRect: true, strictFileInteractability: false, timeouts: {implicit: 0, pageLoad: 300000, script: 30000}, unhandledPromptBehavior: dismiss and notify, userAgent: Mozilla/5.0 (Windows NT 10....}
Session ID: bd74dec0-9ed7-43a4-afc6-d9b9b357f9a5
at org.openqa.selenium.support.ui.WebDriverWait.timeoutException(WebDriverWait.java:87)
at org.openqa.selenium.support.ui.FluentWait.until(FluentWait.java:231)
at Register_User.Valid_register(Register_User.java:43)
at java.base/java.util.ArrayList.forEach(ArrayList.java:1597)
at com.intellij.rt.testng.IDEARemoteTestNG.run(IDEARemoteTestNG.java:65)
at com.intellij.rt.testng.RemoteTestNGStarter.main(RemoteTestNGStarter.java:105)
... Removed 22 stack frames]]>
    </failure>
  </testcase> <!-- Valid_register -->
  <testcase classname="Register_User" name="in_Valid_phone_phone_already_exit" time="2.47"/>
  <testcase classname="Register_User" name="in_Valid_phone_phone_less_than_11" time="2.43"/>
  <testcase classname="Register_User" name="in_Valid_phone_phone_more_than_11" time="1.431"/>
  <testcase classname="Register_User" name="in_Valid_phone_phone_phone_017" time="1.432"/>
  <testcase classname="Register_User" name="in_Valid_password" time="1.416"/>
  <testcase classname="Register_User" name="in_Valid_login" time="0.649"/>
  <testcase classname="Register_User" name="valid_deposit" time="1.177"/>
  <testcase classname="Register_User" name="in_valid_deposit_amount_less_than_zero" time="1.062"/>
  <testcase classname="Register_User" name="valid_withdraw_amount" time="1.102"/>
  <testcase classname="Register_User" name="invalid_withdraw_amount_equal_zero" time="1.359"/>
  <testcase classname="Register_User" name="invalid_withdraw_amount_less_than_zero" time="1.168"/>
  <testcase classname="Register_User" name="invalid_withdraw_amount_bigger_than_Balance" time="1.223"/>
  <testcase classname="Register_User" name="valid_recharge_phone" time="1.21"/>
  <testcase classname="Register_User" name="in_valid_recharge_phone_amount_less_than_zero" time="1.134"/>
  <testcase classname="Register_User" name="in_valid_recharge_phone_amount_equal_zero" time="1.761"/>
  <testcase classname="Register_User" name="in_valid_recharge_phone_not_exits" time="1.27"/>
  <testcase classname="Register_User" name="valid_transfer" time="1.798"/>
  <testcase classname="Register_User" name="in_valid_transfer_amount_less_zero" time="1.738"/>
  <testcase classname="Register_User" name="in_valid_transfer_amount_equal_zero" time="1.673"/>
  <testcase classname="Register_User" name="in_valid_transfer_number_already_exits" time="1.547"/>
  <testcase classname="Register_User" name="valid_transfer_to_Charity" time="1.362"/>
  <testcase classname="Register_User" name="in_valid_pay_service" time="1.351"/>
  <testcase classname="Register_User" name="valid_pay_service" time="1.315"/>
</testsuite> <!-- Pay Service Tests -->
